<?xml version="1.0" encoding="UTF-8"?>
<!-- Generated by org.testng.reporters.JUnitReportReporter -->
<testsuite hostname="Anik" failures="0" tests="1" name="may23.RestAssured.TestRest" time="2.508" errors="0" timestamp="2023-05-28T13:58:07 CDT" skipped="0">
  <testcase classname="may23.RestAssured.TestRest" name="testUrl" time="2.508"/>
  <system-out/>
</testsuite> <!-- may23.RestAssured.TestRest -->
