<?xml version="1.0" encoding="UTF-8"?>
<!-- Generated by org.testng.reporters.JUnitReportReporter -->
<testsuite hostname="Anik" failures="0" tests="1" name="unitTest.GetAPI" time="2.028" errors="0" timestamp="2023-06-01T12:47:34 CDT" skipped="0">
  <testcase classname="unitTest.GetAPI" name="assertBodyfromServer" time="2.028"/>
  <system-out/>
</testsuite> <!-- unitTest.GetAPI -->
