<?xml version="1.0" encoding="UTF-8"?>
<!-- Generated by org.testng.reporters.JUnitReportReporter -->
<testsuite hostname="Anik" failures="0" tests="1" name="unitTest.PostCall" time="1.563" errors="0" timestamp="2023-06-03T23:08:49 CDT" skipped="0">
  <testcase classname="unitTest.PostCall" name="do_Post_With_Map" time="1.563"/>
  <system-out/>
</testsuite> <!-- unitTest.PostCall -->
