<?xml version="1.0" encoding="UTF-8"?>
<!-- Generated by org.testng.reporters.JUnitReportReporter -->
<testsuite hostname="Anik" failures="0" tests="1" name="api_Tests.CommentsTest" time="0.933" errors="0" timestamp="2023-06-13T14:06:17 CDT" skipped="0">
  <testcase classname="api_Tests.CommentsTest" name="put_Comments" time="0.933"/>
  <system-out/>
</testsuite> <!-- api_Tests.CommentsTest -->
