<?xml version="1.0" encoding="UTF-8"?>
<!-- Generated by org.testng.reporters.JUnitReportReporter -->
<testsuite hostname="Anik" failures="0" tests="1" name="api_Tests.Posts_Test" time="0.760" errors="0" timestamp="2023-06-13T14:15:34 CDT" skipped="0">
  <testcase classname="api_Tests.Posts_Test" name="delete_Posts" time="0.760"/>
  <system-out/>
</testsuite> <!-- api_Tests.Posts_Test -->
