<?xml version="1.0" encoding="UTF-8"?>
<!-- Generated by org.testng.reporters.JUnitReportReporter -->
<testsuite hostname="Anik" failures="0" tests="1" name="unitTest.UnitTest" time="0.012" errors="0" timestamp="2023-06-04T00:53:58 CDT" skipped="0">
  <testcase classname="unitTest.UnitTest" name="endPointEnumTest" time="0.012"/>
  <system-out/>
</testsuite> <!-- unitTest.UnitTest -->
